[INFO ][2018-10-25 13:38:32.815][restartedMain] com.ms.workable.flow.api.FlowAppBoot content: Starting FlowAppBoot on DESKTOP-2EQI3B1 with PID 135556 (E:\workspace\eclipse-git-repository\fw-starter\ms\ms-workable-flow\ms-workable-flow-api\target\classes started by ms in E:\workspace\eclipse-git-repository\fw-starter\ms\ms-workable-flow\ms-workable-flow-api)
[INFO ][2018-10-25 13:38:32.820][restartedMain] com.ms.workable.flow.api.FlowAppBoot content: The following profiles are active: dyicache
[INFO ][2018-10-25 13:38:32.922][restartedMain] o.s.boot.web.servlet.context.AnnotationConfigServletWebServerApplicationContext content: Refreshing org.springframework.boot.web.servlet.context.AnnotationConfigServletWebServerApplicationContext@6ea3cb01: startup date [Thu Oct 25 13:38:32 CST 2018]; root of context hierarchy
[INFO ][2018-10-25 13:38:36.185][restartedMain] tp.ms.common.data.register.MsDynamicSessionSourceRegister content: 开始注册数据源
[INFO ][2018-10-25 13:38:37.581][restartedMain] org.springframework.data.repository.config.RepositoryConfigurationDelegate content: Multiple Spring Data modules found, entering strict repository configuration mode!
[INFO ][2018-10-25 13:38:37.809][restartedMain] tp.ms.common.data.register.MsDynamicSessionSourceRegister content: defaultDataSource数据源注入 sqlSqlSessionFactoryBean 成功.....
[INFO ][2018-10-25 13:38:37.861][restartedMain] tp.ms.common.data.register.MsDynamicSessionSourceRegister content: defaultSession SqlSession注入Spring成功......
[INFO ][2018-10-25 13:38:37.861][restartedMain] tp.ms.common.data.register.MsDynamicSessionSourceRegister content: hxtestDataSource数据源注入 sqlSqlSessionFactoryBean 成功.....
[INFO ][2018-10-25 13:38:37.863][restartedMain] tp.ms.common.data.register.MsDynamicSessionSourceRegister content: hxtestSession SqlSession注入Spring成功......
[INFO ][2018-10-25 13:38:37.891][restartedMain] tp.ms.common.data.register.MsDynamicSessionSourceRegister content: cs6304DataSource数据源注入 sqlSqlSessionFactoryBean 成功.....
[INFO ][2018-10-25 13:38:37.891][restartedMain] tp.ms.common.data.register.MsDynamicSessionSourceRegister content: cs6304Session SqlSession注入Spring成功......
[INFO ][2018-10-25 13:38:37.891][restartedMain] tp.ms.common.data.register.MsDynamicSessionSourceRegister content: nc6302DataSource数据源注入 sqlSqlSessionFactoryBean 成功.....
[INFO ][2018-10-25 13:38:37.892][restartedMain] tp.ms.common.data.register.MsDynamicSessionSourceRegister content: nc6302Session SqlSession注入Spring成功......
[INFO ][2018-10-25 13:38:37.893][restartedMain] tp.ms.common.data.register.MsDynamicSessionSourceRegister content: amsflowDataSource数据源注入 sqlSqlSessionFactoryBean 成功.....
[INFO ][2018-10-25 13:38:37.893][restartedMain] tp.ms.common.data.register.MsDynamicSessionSourceRegister content: amsflowSession SqlSession注入Spring成功......
[INFO ][2018-10-25 13:38:37.894][restartedMain] org.springframework.beans.factory.support.DefaultListableBeanFactory content: Overriding bean definition for bean 'dataSource' with a different definition: replacing [Root bean: class [null]; scope=; abstract=false; lazyInit=false; autowireMode=3; dependencyCheck=0; autowireCandidate=true; primary=false; factoryBeanName=org.springframework.boot.autoconfigure.jdbc.XADataSourceAutoConfiguration; factoryMethodName=dataSource; initMethodName=null; destroyMethodName=(inferred); defined in class path resource [org/springframework/boot/autoconfigure/jdbc/XADataSourceAutoConfiguration.class]] with [Generic bean: class [tp.ms.common.data.source.session.MsDynamicRoutingDataSource]; scope=; abstract=false; lazyInit=false; autowireMode=0; dependencyCheck=0; autowireCandidate=true; primary=true; factoryBeanName=null; factoryMethodName=null; initMethodName=null; destroyMethodName=null]
[INFO ][2018-10-25 13:38:37.896][restartedMain] tp.ms.common.data.register.MsDynamicSessionSourceRegister content: 注册dataSource成功，一共注册5个数据源
[INFO ][2018-10-25 13:38:37.899][restartedMain] org.springframework.beans.factory.support.DefaultListableBeanFactory content: Overriding bean definition for bean 'sqlSessionTemplate' with a different definition: replacing [Root bean: class [null]; scope=; abstract=false; lazyInit=false; autowireMode=3; dependencyCheck=0; autowireCandidate=true; primary=false; factoryBeanName=org.mybatis.spring.boot.autoconfigure.MybatisAutoConfiguration; factoryMethodName=sqlSessionTemplate; initMethodName=null; destroyMethodName=(inferred); defined in class path resource [org/mybatis/spring/boot/autoconfigure/MybatisAutoConfiguration.class]] with [Generic bean: class [tp.ms.common.data.mybatis.session.MsSqlSessionTemplate]; scope=; abstract=false; lazyInit=false; autowireMode=0; dependencyCheck=0; autowireCandidate=true; primary=false; factoryBeanName=null; factoryMethodName=null; initMethodName=null; destroyMethodName=null]
[INFO ][2018-10-25 13:38:37.899][restartedMain] tp.ms.common.data.register.MsDynamicSessionSourceRegister content: 注册SqlSesion成功，一共注册5个会话模板
[INFO ][2018-10-25 13:38:38.035][restartedMain] tp.ms.common.data.mybatis.config.MsMapperScannerConfiguration content: registory mapper-scan-configurer
[INFO ][2018-10-25 13:38:39.456][restartedMain] o.s.context.support.PostProcessorRegistrationDelegate$BeanPostProcessorChecker content: Bean 'org.springframework.transaction.annotation.ProxyTransactionManagementConfiguration' of type [org.springframework.transaction.annotation.ProxyTransactionManagementConfiguration$$EnhancerBySpringCGLIB$$706703db] is not eligible for getting processed by all BeanPostProcessors (for example: not eligible for auto-proxying)
[INFO ][2018-10-25 13:38:43.294][restartedMain] org.springframework.boot.web.embedded.tomcat.TomcatWebServer content: Tomcat initialized with port(s): 8080 (http)
[INFO ][2018-10-25 13:38:43.325][restartedMain] org.apache.coyote.http11.Http11NioProtocol content: Initializing ProtocolHandler ["http-nio-8080"]
[INFO ][2018-10-25 13:38:43.345][restartedMain] org.apache.catalina.core.StandardService content: Starting service [Tomcat]
[INFO ][2018-10-25 13:38:43.347][restartedMain] org.apache.catalina.core.StandardEngine content: Starting Servlet Engine: Apache Tomcat/8.5.32
[INFO ][2018-10-25 13:38:43.364][localhost-startStop-1] org.apache.catalina.core.AprLifecycleListener content: The APR based Apache Tomcat Native library which allows optimal performance in production environments was not found on the java.library.path: [D:\Programs\Java\jre1.8.0_161\bin;C:\Windows\Sun\Java\bin;C:\Windows\system32;C:\Windows;D:/Programs/Java/jre1.8.0_161/bin/server;D:/Programs/Java/jre1.8.0_161/bin;D:/Programs/Java/jre1.8.0_161/lib/amd64;C:\Program Files (x86)\Common Files\Oracle\Java\javapath;C:\ProgramData\Oracle\Java\javapath;D:\Programs\Python\Python36\Scripts\;D:\Programs\Python\Python36\;C:\Windows\system32;C:\Windows;C:\Windows\System32\Wbem;C:\Windows\System32\WindowsPowerShell\v1.0\;D:\Program Files\nodejs\;D:\Program Files\TortoiseGit\bin;D:\Program Files\Git\bin;D:\Programs\PuTTY\;D:\Programs\Ruby24-x64\bin;D:\Ruby24-x64\bin;C:\Users\ms\AppData\Local\Microsoft\WindowsApps;%JAVA_HOME%\bin;C:\Users\ms\AppData\Roaming\npm;D:\ProgramSoft\eclipse\eclipse-pho;;.]
[INFO ][2018-10-25 13:38:43.648][localhost-startStop-1] org.apache.catalina.core.ContainerBase.[Tomcat].[localhost].[/] content: Initializing Spring embedded WebApplicationContext
[INFO ][2018-10-25 13:38:43.648][localhost-startStop-1] org.springframework.web.context.ContextLoader content: Root WebApplicationContext: initialization completed in 10728 ms
[INFO ][2018-10-25 13:38:45.851][restartedMain] org.apache.catalina.core.StandardService content: Stopping service [Tomcat]
[INFO ][2018-10-25 13:38:45.919][restartedMain] o.s.boot.autoconfigure.logging.ConditionEvaluationReportLoggingListener content: 

Error starting ApplicationContext. To display the conditions report re-run your application with 'debug' enabled.
[INFO ][2018-10-25 14:43:29.616][restartedMain] com.ms.workable.flow.api.FlowAppBoot content: Starting FlowAppBoot on DESKTOP-2EQI3B1 with PID 188328 (E:\workspace\eclipse-git-repository\fw-starter\ms\ms-workable-flow\ms-workable-flow-api\target\classes started by ms in E:\workspace\eclipse-git-repository\fw-starter\ms\ms-workable-flow\ms-workable-flow-api)
[INFO ][2018-10-25 14:43:29.622][restartedMain] com.ms.workable.flow.api.FlowAppBoot content: The following profiles are active: dyicache
[INFO ][2018-10-25 14:43:29.737][restartedMain] o.s.boot.web.servlet.context.AnnotationConfigServletWebServerApplicationContext content: Refreshing org.springframework.boot.web.servlet.context.AnnotationConfigServletWebServerApplicationContext@2c932e52: startup date [Thu Oct 25 14:43:29 CST 2018]; root of context hierarchy
[INFO ][2018-10-25 14:43:33.195][restartedMain] tp.ms.common.data.register.MsDynamicSessionSourceRegister content: 开始注册数据源
[INFO ][2018-10-25 14:43:34.760][restartedMain] org.springframework.data.repository.config.RepositoryConfigurationDelegate content: Multiple Spring Data modules found, entering strict repository configuration mode!
[INFO ][2018-10-25 14:43:34.978][restartedMain] tp.ms.common.data.register.MsDynamicSessionSourceRegister content: defaultDataSource数据源注入 sqlSqlSessionFactoryBean 成功.....
[INFO ][2018-10-25 14:43:35.066][restartedMain] tp.ms.common.data.register.MsDynamicSessionSourceRegister content: defaultSession SqlSession注入Spring成功......
[INFO ][2018-10-25 14:43:35.067][restartedMain] tp.ms.common.data.register.MsDynamicSessionSourceRegister content: hxtestDataSource数据源注入 sqlSqlSessionFactoryBean 成功.....
[INFO ][2018-10-25 14:43:35.068][restartedMain] tp.ms.common.data.register.MsDynamicSessionSourceRegister content: hxtestSession SqlSession注入Spring成功......
[INFO ][2018-10-25 14:43:35.099][restartedMain] tp.ms.common.data.register.MsDynamicSessionSourceRegister content: cs6304DataSource数据源注入 sqlSqlSessionFactoryBean 成功.....
[INFO ][2018-10-25 14:43:35.100][restartedMain] tp.ms.common.data.register.MsDynamicSessionSourceRegister content: cs6304Session SqlSession注入Spring成功......
[INFO ][2018-10-25 14:43:35.100][restartedMain] tp.ms.common.data.register.MsDynamicSessionSourceRegister content: nc6302DataSource数据源注入 sqlSqlSessionFactoryBean 成功.....
[INFO ][2018-10-25 14:43:35.101][restartedMain] tp.ms.common.data.register.MsDynamicSessionSourceRegister content: nc6302Session SqlSession注入Spring成功......
[INFO ][2018-10-25 14:43:35.101][restartedMain] tp.ms.common.data.register.MsDynamicSessionSourceRegister content: amsflowDataSource数据源注入 sqlSqlSessionFactoryBean 成功.....
[INFO ][2018-10-25 14:43:35.102][restartedMain] tp.ms.common.data.register.MsDynamicSessionSourceRegister content: amsflowSession SqlSession注入Spring成功......
[INFO ][2018-10-25 14:43:35.103][restartedMain] org.springframework.beans.factory.support.DefaultListableBeanFactory content: Overriding bean definition for bean 'dataSource' with a different definition: replacing [Root bean: class [null]; scope=; abstract=false; lazyInit=false; autowireMode=3; dependencyCheck=0; autowireCandidate=true; primary=false; factoryBeanName=org.springframework.boot.autoconfigure.jdbc.XADataSourceAutoConfiguration; factoryMethodName=dataSource; initMethodName=null; destroyMethodName=(inferred); defined in class path resource [org/springframework/boot/autoconfigure/jdbc/XADataSourceAutoConfiguration.class]] with [Generic bean: class [tp.ms.common.data.source.session.MsDynamicRoutingDataSource]; scope=; abstract=false; lazyInit=false; autowireMode=0; dependencyCheck=0; autowireCandidate=true; primary=true; factoryBeanName=null; factoryMethodName=null; initMethodName=null; destroyMethodName=null]
[INFO ][2018-10-25 14:43:35.105][restartedMain] tp.ms.common.data.register.MsDynamicSessionSourceRegister content: 注册dataSource成功，一共注册5个数据源
[INFO ][2018-10-25 14:43:35.108][restartedMain] org.springframework.beans.factory.support.DefaultListableBeanFactory content: Overriding bean definition for bean 'sqlSessionTemplate' with a different definition: replacing [Root bean: class [null]; scope=; abstract=false; lazyInit=false; autowireMode=3; dependencyCheck=0; autowireCandidate=true; primary=false; factoryBeanName=org.mybatis.spring.boot.autoconfigure.MybatisAutoConfiguration; factoryMethodName=sqlSessionTemplate; initMethodName=null; destroyMethodName=(inferred); defined in class path resource [org/mybatis/spring/boot/autoconfigure/MybatisAutoConfiguration.class]] with [Generic bean: class [tp.ms.common.data.mybatis.session.MsSqlSessionTemplate]; scope=; abstract=false; lazyInit=false; autowireMode=0; dependencyCheck=0; autowireCandidate=true; primary=false; factoryBeanName=null; factoryMethodName=null; initMethodName=null; destroyMethodName=null]
[INFO ][2018-10-25 14:43:35.109][restartedMain] tp.ms.common.data.register.MsDynamicSessionSourceRegister content: 注册SqlSesion成功，一共注册5个会话模板
[INFO ][2018-10-25 14:43:35.243][restartedMain] tp.ms.common.data.mybatis.config.MsMapperScannerConfiguration content: registory mapper-scan-configurer
[INFO ][2018-10-25 14:43:36.696][restartedMain] o.s.context.support.PostProcessorRegistrationDelegate$BeanPostProcessorChecker content: Bean 'org.springframework.transaction.annotation.ProxyTransactionManagementConfiguration' of type [org.springframework.transaction.annotation.ProxyTransactionManagementConfiguration$$EnhancerBySpringCGLIB$$f2f4c28f] is not eligible for getting processed by all BeanPostProcessors (for example: not eligible for auto-proxying)
[INFO ][2018-10-25 14:43:41.044][restartedMain] org.springframework.boot.web.embedded.tomcat.TomcatWebServer content: Tomcat initialized with port(s): 8080 (http)
[INFO ][2018-10-25 14:43:41.082][restartedMain] org.apache.coyote.http11.Http11NioProtocol content: Initializing ProtocolHandler ["http-nio-8080"]
[INFO ][2018-10-25 14:43:41.114][restartedMain] org.apache.catalina.core.StandardService content: Starting service [Tomcat]
[INFO ][2018-10-25 14:43:41.117][restartedMain] org.apache.catalina.core.StandardEngine content: Starting Servlet Engine: Apache Tomcat/8.5.32
[INFO ][2018-10-25 14:43:41.140][localhost-startStop-1] org.apache.catalina.core.AprLifecycleListener content: The APR based Apache Tomcat Native library which allows optimal performance in production environments was not found on the java.library.path: [D:\Programs\Java\jre1.8.0_161\bin;C:\Windows\Sun\Java\bin;C:\Windows\system32;C:\Windows;D:/Programs/Java/jre1.8.0_161/bin/server;D:/Programs/Java/jre1.8.0_161/bin;D:/Programs/Java/jre1.8.0_161/lib/amd64;C:\Program Files (x86)\Common Files\Oracle\Java\javapath;C:\ProgramData\Oracle\Java\javapath;D:\Programs\Python\Python36\Scripts\;D:\Programs\Python\Python36\;C:\Windows\system32;C:\Windows;C:\Windows\System32\Wbem;C:\Windows\System32\WindowsPowerShell\v1.0\;D:\Program Files\nodejs\;D:\Program Files\TortoiseGit\bin;D:\Program Files\Git\bin;D:\Programs\PuTTY\;D:\Programs\Ruby24-x64\bin;D:\Ruby24-x64\bin;C:\Users\ms\AppData\Local\Microsoft\WindowsApps;%JAVA_HOME%\bin;C:\Users\ms\AppData\Roaming\npm;D:\ProgramSoft\eclipse\eclipse-pho;;.]
[INFO ][2018-10-25 14:43:41.418][localhost-startStop-1] org.apache.catalina.core.ContainerBase.[Tomcat].[localhost].[/] content: Initializing Spring embedded WebApplicationContext
[INFO ][2018-10-25 14:43:41.418][localhost-startStop-1] org.springframework.web.context.ContextLoader content: Root WebApplicationContext: initialization completed in 11681 ms
[INFO ][2018-10-25 14:43:42.893][restartedMain] org.apache.catalina.core.StandardService content: Stopping service [Tomcat]
[INFO ][2018-10-25 14:43:42.979][restartedMain] o.s.boot.autoconfigure.logging.ConditionEvaluationReportLoggingListener content: 

Error starting ApplicationContext. To display the conditions report re-run your application with 'debug' enabled.
[INFO ][2018-10-25 15:11:15.266][restartedMain] com.ms.workable.flow.api.FlowAppBoot content: Starting FlowAppBoot on DESKTOP-2EQI3B1 with PID 175396 (E:\workspace\eclipse-git-repository\fw-starter\ms\ms-workable-flow\ms-workable-flow-api\target\classes started by ms in E:\workspace\eclipse-git-repository\fw-starter\ms\ms-workable-flow\ms-workable-flow-api)
[INFO ][2018-10-25 15:11:15.276][restartedMain] com.ms.workable.flow.api.FlowAppBoot content: The following profiles are active: dyicache
[INFO ][2018-10-25 15:11:15.395][restartedMain] o.s.boot.web.servlet.context.AnnotationConfigServletWebServerApplicationContext content: Refreshing org.springframework.boot.web.servlet.context.AnnotationConfigServletWebServerApplicationContext@2e539017: startup date [Thu Oct 25 15:11:15 CST 2018]; root of context hierarchy
[INFO ][2018-10-25 15:11:18.737][restartedMain] tp.ms.common.data.register.MsDynamicSessionSourceRegister content: 开始注册数据源
[INFO ][2018-10-25 15:11:18.762][restartedMain] o.s.boot.autoconfigure.logging.ConditionEvaluationReportLoggingListener content: 

Error starting ApplicationContext. To display the conditions report re-run your application with 'debug' enabled.
